# JRE version: OpenJDK Runtime Environment (11.0.10) (build 11.0.10+0-b96-7249189)
# Java VM: OpenJDK 64-Bit Server VM (11.0.10+0-b96-7249189, mixed mode, tiered, compressed oops, g1 gc, linux-amd64)
Heap:
 garbage-first heap   total 163840K, used 118977K [0x00000000e0000000, 0x0000000100000000)
  region size 1024K, 33 young (33792K), 2 survivors (2048K)
 Metaspace       used 66299K, capacity 70664K, committed 71464K, reserved 1112064K
  class space    used 7356K, capacity 9441K, committed 9592K, reserved 1048576K
GC Heap History (20 events):
Event: 16,142 GC heap before
{Heap before GC invocations=34 (full 0):
 garbage-first heap   total 148480K, used 126468K [0x00000000e0000000, 0x0000000100000000)
  region size 1024K, 53 young (54272K), 4 survivors (4096K)
 Metaspace       used 60068K, capacity 63978K, committed 64424K, reserved 1105920K
  class space    used 6694K, capacity 8618K, committed 8696K, reserved 1048576K
}
Event: 16,163 GC heap after
{Heap after GC invocations=35 (full 0):
 garbage-first heap   total 148480K, used 76453K [0x00000000e0000000, 0x0000000100000000)
  region size 1024K, 4 young (4096K), 4 survivors (4096K)
 Metaspace       used 60068K, capacity 63978K, committed 64424K, reserved 1105920K
  class space    used 6694K, capacity 8618K, committed 8696K, reserved 1048576K
}
Event: 16,535 GC heap before
{Heap before GC invocations=35 (full 0):
 garbage-first heap   total 148480K, used 126629K [0x00000000e0000000, 0x0000000100000000)
  region size 1024K, 53 young (54272K), 4 survivors (4096K)
 Metaspace       used 61650K, capacity 65585K, committed 65832K, reserved 1105920K
  class space    used 6832K, capacity 8774K, committed 8824K, reserved 1048576K
}
Event: 16,555 GC heap after
{Heap after GC invocations=36 (full 0):
 garbage-first heap   total 148480K, used 78321K [0x00000000e0000000, 0x0000000100000000)
  region size 1024K, 5 young (5120K), 5 survivors (5120K)
 Metaspace       used 61650K, capacity 65585K, committed 65832K, reserved 1105920K
  class space    used 6832K, capacity 8774K, committed 8824K, reserved 1048576K
}
Event: 16,989 GC heap before
{Heap before GC invocations=37 (full 0):
 garbage-first heap   total 148480K, used 127473K [0x00000000e0000000, 0x0000000100000000)
  region size 1024K, 53 young (54272K), 5 survivors (5120K)
 Metaspace       used 62690K, capacity 66671K, committed 66984K, reserved 1107968K
  class space    used 6928K, capacity 8881K, committed 8952K, reserved 1048576K
}
Event: 17,006 GC heap after
{Heap after GC invocations=38 (full 0):
 garbage-first heap   total 148480K, used 78406K [0x00000000e0000000, 0x0000000100000000)
  region size 1024K, 4 young (4096K), 4 survivors (4096K)
 Metaspace       used 62690K, capacity 66671K, committed 66984K, reserved 1107968K
  class space    used 6928K, capacity 8881K, committed 8952K, reserved 1048576K
}
Event: 17,251 GC heap before
{Heap before GC invocations=38 (full 0):
 garbage-first heap   total 148480K, used 104006K [0x00000000e0000000, 0x0000000100000000)
  region size 1024K, 30 young (30720K), 4 survivors (4096K)
 Metaspace       used 63083K, capacity 67193K, committed 67368K, reserved 1107968K
  class space    used 6990K, capacity 9009K, committed 9080K, reserved 1048576K
}
Event: 17,265 GC heap after
{Heap after GC invocations=39 (full 0):
 garbage-first heap   total 148480K, used 79129K [0x00000000e0000000, 0x0000000100000000)
  region size 1024K, 4 young (4096K), 4 survivors (4096K)
 Metaspace       used 63083K, capacity 67193K, committed 67368K, reserved 1107968K
  class space    used 6990K, capacity 9009K, committed 9080K, reserved 1048576K
}
Event: 17,726 GC heap before
{Heap before GC invocations=39 (full 0):
 garbage-first heap   total 148480K, used 121113K [0x00000000e0000000, 0x0000000100000000)
  region size 1024K, 43 young (44032K), 4 survivors (4096K)
 Metaspace       used 64006K, capacity 68211K, committed 68520K, reserved 1107968K
  class space    used 7089K, capacity 9145K, committed 9208K, reserved 1048576K
}
Event: 17,750 GC heap after
{Heap after GC invocations=40 (full 0):
 garbage-first heap   total 148480K, used 80476K [0x00000000e0000000, 0x0000000100000000)
  region size 1024K, 4 young (4096K), 4 survivors (4096K)
 Metaspace       used 64006K, capacity 68211K, committed 68520K, reserved 1107968K
  class space    used 7089K, capacity 9145K, committed 9208K, reserved 1048576K
}
Event: 18,288 GC heap before
{Heap before GC invocations=41 (full 0):
 garbage-first heap   total 148480K, used 121436K [0x00000000e0000000, 0x0000000100000000)
  region size 1024K, 44 young (45056K), 4 survivors (4096K)
 Metaspace       used 65439K, capacity 69760K, committed 70056K, reserved 1110016K
  class space    used 7256K, capacity 9355K, committed 9464K, reserved 1048576K
}
Event: 18,319 GC heap after
{Heap after GC invocations=42 (full 0):
 garbage-first heap   total 148480K, used 82289K [0x00000000e0000000, 0x0000000100000000)
  region size 1024K, 5 young (5120K), 5 survivors (5120K)
 Metaspace       used 65439K, capacity 69760K, committed 70056K, reserved 1110016K
  class space    used 7256K, capacity 9355K, committed 9464K, reserved 1048576K
}
Event: 18,716 GC heap before
{Heap before GC invocations=42 (full 0):
 garbage-first heap   total 148480K, used 122225K [0x00000000e0000000, 0x0000000100000000)
  region size 1024K, 44 young (45056K), 5 survivors (5120K)
 Metaspace       used 66247K, capacity 70622K, committed 70824K, reserved 1110016K
  class space    used 7339K, capacity 9434K, committed 9464K, reserved 1048576K
}
Event: 18,745 GC heap after
{Heap after GC invocations=43 (full 0):
 garbage-first heap   total 148480K, used 84337K [0x00000000e0000000, 0x0000000100000000)
  region size 1024K, 5 young (5120K), 5 survivors (5120K)
 Metaspace       used 66247K, capacity 70622K, committed 70824K, reserved 1110016K
  class space    used 7339K, capacity 9434K, committed 9464K, reserved 1048576K
}
Event: 18,972 GC heap before
{Heap before GC invocations=43 (full 0):
 garbage-first heap   total 148480K, used 122225K [0x00000000e0000000, 0x0000000100000000)
  region size 1024K, 42 young (43008K), 5 survivors (5120K)
 Metaspace       used 66301K, capacity 70666K, committed 70824K, reserved 1110016K
  class space    used 7342K, capacity 9438K, committed 9464K, reserved 1048576K
}
Event: 18,989 GC heap after
{Heap after GC invocations=44 (full 0):
 garbage-first heap   total 163840K, used 85249K [0x00000000e0000000, 0x0000000100000000)
  region size 1024K, 4 young (4096K), 4 survivors (4096K)
 Metaspace       used 66301K, capacity 70666K, committed 70824K, reserved 1110016K
  class space    used 7342K, capacity 9438K, committed 9464K, reserved 1048576K
}
Event: 19,336 GC heap before
{Heap before GC invocations=45 (full 0):
 garbage-first heap   total 163840K, used 131329K [0x00000000e0000000, 0x0000000100000000)
  region size 1024K, 49 young (50176K), 4 survivors (4096K)
 Metaspace       used 66565K, capacity 71071K, committed 71464K, reserved 1112064K
  class space    used 7355K, capacity 9478K, committed 9592K, reserved 1048576K
}
Event: 19,348 GC heap after
{Heap after GC invocations=46 (full 0):
 garbage-first heap   total 163840K, used 86323K [0x00000000e0000000, 0x0000000100000000)
  region size 1024K, 5 young (5120K), 5 survivors (5120K)
 Metaspace       used 66565K, capacity 71071K, committed 71464K, reserved 1112064K
  class space    used 7355K, capacity 9478K, committed 9592K, reserved 1048576K
}
Event: 19,406 GC heap before
{Heap before GC invocations=46 (full 0):
 garbage-first heap   total 163840K, used 92467K [0x00000000e0000000, 0x0000000100000000)
  region size 1024K, 12 young (12288K), 5 survivors (5120K)
 Metaspace       used 66576K, capacity 71078K, committed 71464K, reserved 1112064K
  class space    used 7356K, capacity 9478K, committed 9592K, reserved 1048576K
}
Event: 19,427 GC heap after
{Heap after GC invocations=47 (full 0):
 garbage-first heap   total 163840K, used 86209K [0x00000000e0000000, 0x0000000100000000)
  region size 1024K, 2 young (2048K), 2 survivors (2048K)
 Metaspace       used 66576K, capacity 71078K, committed 71464K, reserved 1112064K
  class space    used 7356K, capacity 9478K, committed 9592K, reserved 1048576K
}

