# JRE version: OpenJDK Runtime Environment (11.0.10) (build 11.0.10+0-b96-7249189)
# Java VM: OpenJDK 64-Bit Server VM (11.0.10+0-b96-7249189, mixed mode, tiered, compressed oops, g1 gc, linux-amd64)
Heap:
 garbage-first heap   total 147456K, used 123486K [0x00000000e0000000, 0x0000000100000000)
  region size 1024K, 33 young (33792K), 3 survivors (3072K)
 Metaspace       used 66169K, capacity 70414K, committed 71472K, reserved 1112064K
  class space    used 7339K, capacity 9382K, committed 9600K, reserved 1048576K
GC Heap History (20 events):
Event: 20,336 GC heap after
{Heap after GC invocations=43 (full 0):
 garbage-first heap   total 147456K, used 84047K [0x00000000e0000000, 0x0000000100000000)
  region size 1024K, 2 young (2048K), 2 survivors (2048K)
 Metaspace       used 62743K, capacity 66773K, committed 66992K, reserved 1107968K
  class space    used 6933K, capacity 8882K, committed 8960K, reserved 1048576K
}
Event: 20,529 GC heap before
{Heap before GC invocations=43 (full 0):
 garbage-first heap   total 147456K, used 98383K [0x00000000e0000000, 0x0000000100000000)
  region size 1024K, 17 young (17408K), 2 survivors (2048K)
 Metaspace       used 63087K, capacity 67205K, committed 67376K, reserved 1107968K
  class space    used 6991K, capacity 9009K, committed 9088K, reserved 1048576K
}
Event: 20,541 GC heap after
{Heap after GC invocations=44 (full 0):
 garbage-first heap   total 147456K, used 84596K [0x00000000e0000000, 0x0000000100000000)
  region size 1024K, 3 young (3072K), 3 survivors (3072K)
 Metaspace       used 63087K, capacity 67205K, committed 67376K, reserved 1107968K
  class space    used 6991K, capacity 9009K, committed 9088K, reserved 1048576K
}
Event: 20,960 GC heap before
{Heap before GC invocations=45 (full 0):
 garbage-first heap   total 147456K, used 120436K [0x00000000e0000000, 0x0000000100000000)
  region size 1024K, 36 young (36864K), 3 survivors (3072K)
 Metaspace       used 63983K, capacity 68206K, committed 68528K, reserved 1107968K
  class space    used 7088K, capacity 9143K, committed 9216K, reserved 1048576K
}
Event: 20,977 GC heap after
{Heap after GC invocations=46 (full 0):
 garbage-first heap   total 147456K, used 85249K [0x00000000e0000000, 0x0000000100000000)
  region size 1024K, 3 young (3072K), 3 survivors (3072K)
 Metaspace       used 63983K, capacity 68206K, committed 68528K, reserved 1107968K
  class space    used 7088K, capacity 9143K, committed 9216K, reserved 1048576K
}
Event: 21,342 GC heap before
{Heap before GC invocations=46 (full 0):
 garbage-first heap   total 147456K, used 121089K [0x00000000e0000000, 0x0000000100000000)
  region size 1024K, 38 young (38912K), 3 survivors (3072K)
 Metaspace       used 64943K, capacity 69233K, committed 69424K, reserved 1110016K
  class space    used 7192K, capacity 9258K, committed 9344K, reserved 1048576K
}
Event: 21,357 GC heap after
{Heap after GC invocations=47 (full 0):
 garbage-first heap   total 147456K, used 87744K [0x00000000e0000000, 0x0000000100000000)
  region size 1024K, 5 young (5120K), 5 survivors (5120K)
 Metaspace       used 64943K, capacity 69233K, committed 69424K, reserved 1110016K
  class space    used 7192K, capacity 9258K, committed 9344K, reserved 1048576K
}
Event: 21,963 GC heap before
{Heap before GC invocations=48 (full 0):
 garbage-first heap   total 147456K, used 121536K [0x00000000e0000000, 0x0000000100000000)
  region size 1024K, 38 young (38912K), 5 survivors (5120K)
 Metaspace       used 66172K, capacity 70460K, committed 70576K, reserved 1110016K
  class space    used 7330K, capacity 9432K, committed 9472K, reserved 1048576K
}
Event: 21,979 GC heap after
{Heap after GC invocations=49 (full 0):
 garbage-first heap   total 147456K, used 87699K [0x00000000e0000000, 0x0000000100000000)
  region size 1024K, 3 young (3072K), 3 survivors (3072K)
 Metaspace       used 66172K, capacity 70460K, committed 70576K, reserved 1110016K
  class space    used 7330K, capacity 9432K, committed 9472K, reserved 1048576K
}
Event: 22,147 GC heap before
{Heap before GC invocations=49 (full 0):
 garbage-first heap   total 147456K, used 122515K [0x00000000e0000000, 0x0000000100000000)
  region size 1024K, 37 young (37888K), 3 survivors (3072K)
 Metaspace       used 66238K, capacity 70568K, committed 70832K, reserved 1110016K
  class space    used 7334K, capacity 9435K, committed 9472K, reserved 1048576K
}
Event: 22,174 GC heap after
{Heap after GC invocations=50 (full 0):
 garbage-first heap   total 147456K, used 90302K [0x00000000e0000000, 0x0000000100000000)
  region size 1024K, 5 young (5120K), 5 survivors (5120K)
 Metaspace       used 66238K, capacity 70568K, committed 70832K, reserved 1110016K
  class space    used 7334K, capacity 9435K, committed 9472K, reserved 1048576K
}
Event: 22,359 GC heap before
{Heap before GC invocations=50 (full 0):
 garbage-first heap   total 147456K, used 123070K [0x00000000e0000000, 0x0000000100000000)
  region size 1024K, 37 young (37888K), 5 survivors (5120K)
 Metaspace       used 66304K, capacity 70698K, committed 70832K, reserved 1110016K
  class space    used 7339K, capacity 9442K, committed 9472K, reserved 1048576K
}
Event: 22,376 GC heap after
{Heap after GC invocations=51 (full 0):
 garbage-first heap   total 147456K, used 91257K [0x00000000e0000000, 0x0000000100000000)
  region size 1024K, 1 young (1024K), 1 survivors (1024K)
 Metaspace       used 66304K, capacity 70698K, committed 70832K, reserved 1110016K
  class space    used 7339K, capacity 9442K, committed 9472K, reserved 1048576K
}
Event: 22,603 GC heap before
{Heap before GC invocations=52 (full 0):
 garbage-first heap   total 147456K, used 124025K [0x00000000e0000000, 0x0000000100000000)
  region size 1024K, 33 young (33792K), 1 survivors (1024K)
 Metaspace       used 66397K, capacity 70859K, committed 71088K, reserved 1112064K
  class space    used 7341K, capacity 9445K, committed 9472K, reserved 1048576K
}
Event: 22,607 GC heap after
{Heap after GC invocations=53 (full 0):
 garbage-first heap   total 147456K, used 91481K [0x00000000e0000000, 0x0000000100000000)
  region size 1024K, 2 young (2048K), 2 survivors (2048K)
 Metaspace       used 66397K, capacity 70859K, committed 71088K, reserved 1112064K
  class space    used 7341K, capacity 9445K, committed 9472K, reserved 1048576K
}
Event: 22,681 GC heap before
{Heap before GC invocations=53 (full 0):
 garbage-first heap   total 147456K, used 101721K [0x00000000e0000000, 0x0000000100000000)
  region size 1024K, 13 young (13312K), 2 survivors (2048K)
 Metaspace       used 66428K, capacity 70869K, committed 71088K, reserved 1112064K
  class space    used 7342K, capacity 9445K, committed 9472K, reserved 1048576K
}
Event: 22,687 GC heap after
{Heap after GC invocations=54 (full 0):
 garbage-first heap   total 147456K, used 91837K [0x00000000e0000000, 0x0000000100000000)
  region size 1024K, 2 young (2048K), 2 survivors (2048K)
 Metaspace       used 66428K, capacity 70869K, committed 71088K, reserved 1112064K
  class space    used 7342K, capacity 9445K, committed 9472K, reserved 1048576K
}
Event: 22,906 GC heap before
{Heap before GC invocations=54 (full 0):
 garbage-first heap   total 147456K, used 126653K [0x00000000e0000000, 0x0000000100000000)
  region size 1024K, 34 young (34816K), 2 survivors (2048K)
 Metaspace       used 66665K, capacity 71198K, committed 71472K, reserved 1112064K
  class space    used 7367K, capacity 9483K, committed 9600K, reserved 1048576K
}
Event: 22,916 GC heap after
{Heap after GC invocations=55 (full 0):
 garbage-first heap   total 147456K, used 93790K [0x00000000e0000000, 0x0000000100000000)
  region size 1024K, 4 young (4096K), 4 survivors (4096K)
 Metaspace       used 66665K, capacity 71198K, committed 71472K, reserved 1112064K
  class space    used 7367K, capacity 9483K, committed 9600K, reserved 1048576K
}
Event: 23,076 GC heap before
{Heap before GC invocations=55 (full 0):
 garbage-first heap   total 147456K, used 123486K [0x00000000e0000000, 0x0000000100000000)
  region size 1024K, 34 young (34816K), 4 survivors (4096K)
 Metaspace       used 66169K, capacity 70414K, committed 71472K, reserved 1112064K
  class space    used 7339K, capacity 9382K, committed 9600K, reserved 1048576K
}

